<?xml version="1.0" encoding="UTF-8"?>
<testng-results ignored="0" total="2" passed="2" failed="0" skipped="0">
  <reporter-output>
  </reporter-output>
  <suite started-at="2023-08-18T02:03:44 GMT-07:00" name="Default suite" finished-at="2023-08-18T02:03:51 GMT-07:00" duration-ms="7504">
    <groups>
    </groups>
    <test started-at="2023-08-18T02:03:44 GMT-07:00" name="Default test" finished-at="2023-08-18T02:03:51 GMT-07:00" duration-ms="7504">
      <class name="TestNG.NewTest">
        <test-method is-config="true" signature="setUp()[pri:0, instance:TestNG.NewTest@515c6049]" started-at="2023-08-18T02:03:44 GMT-07:00" name="setUp" finished-at="2023-08-18T02:03:48 GMT-07:00" duration-ms="4672" status="PASS">
          <reporter-output>
          </reporter-output>
        </test-method> <!-- setUp -->
        <test-method signature="linkTest()[pri:1, instance:TestNG.NewTest@515c6049]" started-at="2023-08-18T02:03:48 GMT-07:00" name="linkTest" finished-at="2023-08-18T02:03:51 GMT-07:00" duration-ms="2409" status="PASS">
          <reporter-output>
          </reporter-output>
        </test-method> <!-- linkTest -->
        <test-method signature="titleTest()[pri:2, instance:TestNG.NewTest@515c6049]" started-at="2023-08-18T02:03:51 GMT-07:00" name="titleTest" finished-at="2023-08-18T02:03:51 GMT-07:00" duration-ms="27" status="PASS">
          <reporter-output>
          </reporter-output>
        </test-method> <!-- titleTest -->
        <test-method is-config="true" signature="tearDown()[pri:0, instance:TestNG.NewTest@515c6049]" started-at="2023-08-18T02:03:51 GMT-07:00" name="tearDown" finished-at="2023-08-18T02:03:51 GMT-07:00" duration-ms="313" status="PASS">
          <reporter-output>
          </reporter-output>
        </test-method> <!-- tearDown -->
      </class> <!-- TestNG.NewTest -->
    </test> <!-- Default test -->
  </suite> <!-- Default suite -->
</testng-results>
